<?xml version="1.0" encoding="UTF-8"?>
<testng-results skipped="0" failed="0" total="1" passed="1">
  <reporter-output>
  </reporter-output>
  <suite name="Default suite" duration-ms="43891" started-at="2019-04-23T02:17:29Z" finished-at="2019-04-23T02:18:13Z">
    <groups>
    </groups>
    <test name="Default test" duration-ms="43891" started-at="2019-04-23T02:17:29Z" finished-at="2019-04-23T02:18:13Z">
      <class name="testcases.Demo1">
        <test-method status="PASS" signature="webTable()[pri:0, instance:testcases.Demo1@475530b9]" name="webTable" duration-ms="43862" started-at="2019-04-23T07:47:29Z" finished-at="2019-04-23T07:48:13Z">
          <reporter-output>
          </reporter-output>
        </test-method> <!-- webTable -->
      </class> <!-- testcases.Demo1 -->
    </test> <!-- Default test -->
  </suite> <!-- Default suite -->
</testng-results>
